2025/11/08 14:11:42 [INFO] Packer version: 1.14.2 [go1.23.2 darwin arm64]
2025/11/08 14:11:42 [INFO] PACKER_CONFIG env var not set; checking the default config file path
2025/11/08 14:11:42 [INFO] PACKER_CONFIG env var set; attempting to open config file: /Users/bbrietzke/.packerconfig
2025/11/08 14:11:42 [WARN] Config file doesn't exist: /Users/bbrietzke/.packerconfig
2025/11/08 14:11:42 [INFO] Setting cache directory: /Users/bbrietzke/.cache/packer
2025/11/08 14:11:42 [TRACE] listing potential installations for "github.com/hashicorp/proxmox" that match "~> 1.2.3". plugingetter.ListInstallationsOptions{PluginDirectory:"/Users/bbrietzke/.config/packer/plugins", BinaryInstallationOptions:plugingetter.BinaryInstallationOptions{APIVersionMajor:"5", APIVersionMinor:"0", OS:"darwin", ARCH:"arm64", Ext:"", Checksummers:[]plugingetter.Checksummer{plugingetter.Checksummer{Type:"sha256", Hash:(*sha256.digest)(0x14000162800)}}, ReleasesOnly:false}}
2025/11/08 14:11:42 [TRACE] Found the following "github.com/hashicorp/proxmox" installations: [{/Users/bbrietzke/.config/packer/plugins/github.com/hashicorp/proxmox/packer-plugin-proxmox_v1.2.3_x5.0_darwin_arm64 v1.2.3 x5.0}]
2025/11/08 14:11:42 [INFO] found external [-packer-default-plugin-name- clone iso] builders from name plugin
2025/11/08 14:11:42 [TRACE] listing potential installations for <nil> that match "". plugingetter.ListInstallationsOptions{PluginDirectory:"/Users/bbrietzke/.config/packer/plugins", BinaryInstallationOptions:plugingetter.BinaryInstallationOptions{APIVersionMajor:"5", APIVersionMinor:"0", OS:"darwin", ARCH:"arm64", Ext:"", Checksummers:[]plugingetter.Checksummer{plugingetter.Checksummer{Type:"sha256", Hash:(*sha256.digest)(0x14000618200)}}, ReleasesOnly:false}}
2025/11/08 14:11:42 [INFO] found external [-packer-default-plugin-name- clone iso] builders from proxmox plugin
2025/11/08 14:11:42 [TRACE] validateValue: not active for vm_memory, so skipping
2025/11/08 14:11:42 [TRACE] validateValue: not active for vm_disk_size, so skipping
2025/11/08 14:11:42 [TRACE] validateValue: not active for ubuntu2404_iso, so skipping
2025/11/08 14:11:42 [TRACE] validateValue: not active for proxmox_node, so skipping
2025/11/08 14:11:42 [TRACE] validateValue: not active for root_password, so skipping
2025/11/08 14:11:42 [TRACE] validateValue: not active for ssh_public_key, so skipping
2025/11/08 14:11:42 [TRACE] validateValue: not active for vm_cores, so skipping
2025/11/08 14:11:42 [TRACE] validateValue: not active for proxmox_api_url, so skipping
2025/11/08 14:11:42 [TRACE] validateValue: not active for proxmox_api_token_id, so skipping
2025/11/08 14:11:42 [TRACE] validateValue: not active for proxmox_api_token_secret, so skipping
2025/11/08 14:11:42 [TRACE] validateValue: not active for iso_storage_pool, so skipping
2025/11/08 14:11:42 [TRACE] validateValue: not active for timezone, so skipping
2025/11/08 14:11:42 [TRACE] validateValue: not active for vm_storage_pool, so skipping
2025/11/08 14:11:42 [TRACE] validateValue: not active for vm_disk_format, so skipping
2025/11/08 14:11:42 [TRACE] Using protobuf for communication with plugins
2025/11/08 14:11:42 [INFO] Starting external plugin /Users/bbrietzke/.config/packer/plugins/github.com/hashicorp/proxmox/packer-plugin-proxmox_v1.2.3_x5.0_darwin_arm64 start builder --protobuf iso
2025/11/08 14:11:42 Starting plugin: /Users/bbrietzke/.config/packer/plugins/github.com/hashicorp/proxmox/packer-plugin-proxmox_v1.2.3_x5.0_darwin_arm64 []string{"/Users/bbrietzke/.config/packer/plugins/github.com/hashicorp/proxmox/packer-plugin-proxmox_v1.2.3_x5.0_darwin_arm64", "start", "builder", "--protobuf", "iso"}
2025/11/08 14:11:42 Waiting for RPC address for: /Users/bbrietzke/.config/packer/plugins/github.com/hashicorp/proxmox/packer-plugin-proxmox_v1.2.3_x5.0_darwin_arm64
2025/11/08 14:11:42 packer-plugin-proxmox_v1.2.3_x5.0_darwin_arm64 plugin: 2025/11/08 14:11:42 Plugin address: unix /var/folders/3r/c5d__lk5057851sbt3sycdqh0000gn/T/packer-plugin810151551
2025/11/08 14:11:42 packer-plugin-proxmox_v1.2.3_x5.0_darwin_arm64 plugin: 2025/11/08 14:11:42 Waiting for connection...
2025/11/08 14:11:42 Received unix RPC address for /Users/bbrietzke/.config/packer/plugins/github.com/hashicorp/proxmox/packer-plugin-proxmox_v1.2.3_x5.0_darwin_arm64: addr is /var/folders/3r/c5d__lk5057851sbt3sycdqh0000gn/T/packer-plugin810151551
2025/11/08 14:11:42 packer-plugin-proxmox_v1.2.3_x5.0_darwin_arm64 plugin: 2025/11/08 14:11:42 Serving a plugin connection...
2025/11/08 14:11:42 packer-plugin-proxmox_v1.2.3_x5.0_darwin_arm64 plugin: 2025/11/08 14:11:42 [TRACE] starting builder iso
2025/11/08 14:11:42 packer-plugin-proxmox_v1.2.3_x5.0_darwin_arm64 plugin: 2025/11/08 14:11:42 [DEBUG] - common: sending ConfigSpec as protobuf
2025/11/08 14:11:42 [DEBUG] - common: receiving ConfigSpec as protobuf
2025/11/08 14:11:42 packer-plugin-proxmox_v1.2.3_x5.0_darwin_arm64 plugin: 2025/11/08 14:11:42 Number of sockets 0 is too small, using default: 1
2025/11/08 14:11:42 packer-plugin-proxmox_v1.2.3_x5.0_darwin_arm64 plugin: 2025/11/08 14:11:42 OS not set, using default 'other'
2025/11/08 14:11:42 packer-plugin-proxmox_v1.2.3_x5.0_darwin_arm64 plugin: 2025/11/08 14:11:42 Disk 0 cache mode not set, using default 'none'
2025/11/08 14:11:42 packer-plugin-proxmox_v1.2.3_x5.0_darwin_arm64 plugin: 2025/11/08 14:11:42 Cloud-Init disk type not set, using default 'ide'
2025/11/08 14:11:42 packer-plugin-proxmox_v1.2.3_x5.0_darwin_arm64 plugin: 2025/11/08 14:11:42 boot_iso device type not set, using default type 'ide' and index '2'
2025/11/08 14:11:42 packer-plugin-proxmox_v1.2.3_x5.0_darwin_arm64 plugin: 2025/11/08 14:11:42 [DEBUG] - common: sending ConfigSpec as protobuf
2025/11/08 14:11:42 [DEBUG] - common: receiving ConfigSpec as protobuf
2025/11/08 14:11:42 [INFO] Starting external plugin /opt/homebrew/bin/packer execute --protobuf packer-provisioner-shell
2025/11/08 14:11:42 Starting plugin: /opt/homebrew/bin/packer []string{"/opt/homebrew/bin/packer", "execute", "--protobuf", "packer-provisioner-shell"}
2025/11/08 14:11:42 Waiting for RPC address for: /opt/homebrew/bin/packer
2025/11/08 14:11:42 packer-provisioner-shell plugin: [INFO] Packer version: 1.14.2 [go1.23.2 darwin arm64]
2025/11/08 14:11:42 packer-provisioner-shell plugin: [INFO] PACKER_CONFIG env var not set; checking the default config file path
2025/11/08 14:11:42 packer-provisioner-shell plugin: [INFO] PACKER_CONFIG env var set; attempting to open config file: /Users/bbrietzke/.packerconfig
2025/11/08 14:11:42 packer-provisioner-shell plugin: [WARN] Config file doesn't exist: /Users/bbrietzke/.packerconfig
2025/11/08 14:11:42 packer-provisioner-shell plugin: [INFO] Setting cache directory: /Users/bbrietzke/.cache/packer
2025/11/08 14:11:42 packer-provisioner-shell plugin: Plugin address: unix /var/folders/3r/c5d__lk5057851sbt3sycdqh0000gn/T/packer-plugin50890927
2025/11/08 14:11:42 packer-provisioner-shell plugin: Waiting for connection...
2025/11/08 14:11:42 Received unix RPC address for /opt/homebrew/bin/packer: addr is /var/folders/3r/c5d__lk5057851sbt3sycdqh0000gn/T/packer-plugin50890927
2025/11/08 14:11:42 packer-provisioner-shell plugin: Serving a plugin connection...
2025/11/08 14:11:42 packer-provisioner-shell plugin: [DEBUG] - common: sending ConfigSpec as protobuf
2025/11/08 14:11:42 [DEBUG] - common: receiving ConfigSpec as protobuf
2025/11/08 14:11:42 packer-provisioner-shell plugin: [DEBUG] - common: sending ConfigSpec as protobuf
2025/11/08 14:11:42 [DEBUG] - common: receiving ConfigSpec as protobuf
2025/11/08 14:11:42 [INFO] Starting external plugin /opt/homebrew/bin/packer execute --protobuf packer-provisioner-file
2025/11/08 14:11:42 Starting plugin: /opt/homebrew/bin/packer []string{"/opt/homebrew/bin/packer", "execute", "--protobuf", "packer-provisioner-file"}
2025/11/08 14:11:42 Waiting for RPC address for: /opt/homebrew/bin/packer
2025/11/08 14:11:42 packer-provisioner-file plugin: [INFO] Packer version: 1.14.2 [go1.23.2 darwin arm64]
2025/11/08 14:11:42 packer-provisioner-file plugin: [INFO] PACKER_CONFIG env var not set; checking the default config file path
2025/11/08 14:11:42 packer-provisioner-file plugin: [INFO] PACKER_CONFIG env var set; attempting to open config file: /Users/bbrietzke/.packerconfig
2025/11/08 14:11:42 packer-provisioner-file plugin: [WARN] Config file doesn't exist: /Users/bbrietzke/.packerconfig
2025/11/08 14:11:42 packer-provisioner-file plugin: [INFO] Setting cache directory: /Users/bbrietzke/.cache/packer
2025/11/08 14:11:42 Received unix RPC address for /opt/homebrew/bin/packer: addr is /var/folders/3r/c5d__lk5057851sbt3sycdqh0000gn/T/packer-plugin3200006021
2025/11/08 14:11:42 packer-provisioner-file plugin: Plugin address: unix /var/folders/3r/c5d__lk5057851sbt3sycdqh0000gn/T/packer-plugin3200006021
2025/11/08 14:11:42 packer-provisioner-file plugin: Waiting for connection...
2025/11/08 14:11:42 packer-provisioner-file plugin: Serving a plugin connection...
2025/11/08 14:11:42 packer-provisioner-file plugin: [DEBUG] - common: sending ConfigSpec as protobuf
2025/11/08 14:11:42 [DEBUG] - common: receiving ConfigSpec as protobuf
2025/11/08 14:11:42 packer-provisioner-file plugin: [DEBUG] - common: sending ConfigSpec as protobuf
2025/11/08 14:11:42 [DEBUG] - common: receiving ConfigSpec as protobuf
2025/11/08 14:11:42 [INFO] Starting external plugin /opt/homebrew/bin/packer execute --protobuf packer-provisioner-shell
2025/11/08 14:11:42 Starting plugin: /opt/homebrew/bin/packer []string{"/opt/homebrew/bin/packer", "execute", "--protobuf", "packer-provisioner-shell"}
2025/11/08 14:11:42 Waiting for RPC address for: /opt/homebrew/bin/packer
2025/11/08 14:11:42 packer-provisioner-shell plugin: [INFO] Packer version: 1.14.2 [go1.23.2 darwin arm64]
2025/11/08 14:11:42 packer-provisioner-shell plugin: [INFO] PACKER_CONFIG env var not set; checking the default config file path
2025/11/08 14:11:42 packer-provisioner-shell plugin: [INFO] PACKER_CONFIG env var set; attempting to open config file: /Users/bbrietzke/.packerconfig
2025/11/08 14:11:42 packer-provisioner-shell plugin: [WARN] Config file doesn't exist: /Users/bbrietzke/.packerconfig
2025/11/08 14:11:42 packer-provisioner-shell plugin: [INFO] Setting cache directory: /Users/bbrietzke/.cache/packer
2025/11/08 14:11:42 packer-provisioner-shell plugin: Plugin address: unix /var/folders/3r/c5d__lk5057851sbt3sycdqh0000gn/T/packer-plugin1152853956
2025/11/08 14:11:42 packer-provisioner-shell plugin: Waiting for connection...
2025/11/08 14:11:42 Received unix RPC address for /opt/homebrew/bin/packer: addr is /var/folders/3r/c5d__lk5057851sbt3sycdqh0000gn/T/packer-plugin1152853956
2025/11/08 14:11:42 packer-provisioner-shell plugin: Serving a plugin connection...
2025/11/08 14:11:42 packer-provisioner-shell plugin: [DEBUG] - common: sending ConfigSpec as protobuf
2025/11/08 14:11:42 [DEBUG] - common: receiving ConfigSpec as protobuf
2025/11/08 14:11:42 packer-provisioner-shell plugin: [DEBUG] - common: sending ConfigSpec as protobuf
2025/11/08 14:11:42 [DEBUG] - common: receiving ConfigSpec as protobuf
2025/11/08 14:11:42 ui: [1;32mubuntu-server-noble-numbat.proxmox-iso.ubuntu-server-noble-numbat: output will be in this color.[0m
2025/11/08 14:11:42 ui: 
2025/11/08 14:11:42 Build debug mode: false
2025/11/08 14:11:42 Force build: false
2025/11/08 14:11:42 On error: 
2025/11/08 14:11:42 Waiting on builds to complete...
2025/11/08 14:11:42 Starting build run: ubuntu-server-noble-numbat.proxmox-iso.ubuntu-server-noble-numbat
2025/11/08 14:11:42 Running builder: proxmox-iso
2025/11/08 14:11:42 [INFO] (telemetry) Starting builder proxmox-iso.ubuntu-server-noble-numbat
2025/11/08 14:11:42 packer-plugin-proxmox_v1.2.3_x5.0_darwin_arm64 plugin: 2025/11/08 14:11:42 using token auth
2025/11/08 14:11:42 packer-plugin-proxmox_v1.2.3_x5.0_darwin_arm64 plugin: 2025/11/08 14:11:42 No CD files specified. CD disk will not be made.
2025/11/08 14:11:42 packer-plugin-proxmox_v1.2.3_x5.0_darwin_arm64 plugin: 2025/11/08 14:11:42 No URLs were provided to Step Download. Continuing...
2025/11/08 14:11:42 packer-plugin-proxmox_v1.2.3_x5.0_darwin_arm64 plugin: panic: runtime error: index out of range [1] with length 1
2025/11/08 14:11:42 packer-plugin-proxmox_v1.2.3_x5.0_darwin_arm64 plugin: 
2025/11/08 14:11:42 packer-plugin-proxmox_v1.2.3_x5.0_darwin_arm64 plugin: goroutine 52 [running]:
2025/11/08 14:11:42 packer-plugin-proxmox_v1.2.3_x5.0_darwin_arm64 plugin: github.com/hashicorp/packer-plugin-proxmox/builder/proxmox/common.generateProxmoxDisks({0x14000193080, 0x1, 0x14000051a38?}, {0x1400064e000, 0x1, 0x100197c58?}, {0x0, 0x0, 0x14000051a78?})
2025/11/08 14:11:42 packer-plugin-proxmox_v1.2.3_x5.0_darwin_arm64 plugin: 	github.com/hashicorp/packer-plugin-proxmox/builder/proxmox/common/step_start_vm.go:340 +0x3b7c
2025/11/08 14:11:42 packer-plugin-proxmox_v1.2.3_x5.0_darwin_arm64 plugin: github.com/hashicorp/packer-plugin-proxmox/builder/proxmox/common.(*stepStartVM).Run(0x14000891ab0, {0x100bee2b5?, 0x1400057efa0?}, {0x101158760, 0x1400077f5f0})
2025/11/08 14:11:42 packer-plugin-proxmox_v1.2.3_x5.0_darwin_arm64 plugin: 	github.com/hashicorp/packer-plugin-proxmox/builder/proxmox/common/step_start_vm.go:110 +0x194
2025/11/08 14:11:42 packer-plugin-proxmox_v1.2.3_x5.0_darwin_arm64 plugin: github.com/hashicorp/packer-plugin-sdk/multistep.(*BasicRunner).Run(0x1400077f710, {0x101158a38, 0x1400057efa0}, {0x101158760, 0x1400077f5f0})
2025/11/08 14:11:42 packer-plugin-proxmox_v1.2.3_x5.0_darwin_arm64 plugin: 	github.com/hashicorp/packer-plugin-sdk@v0.6.1/multistep/basic_runner.go:73 +0x270
2025/11/08 14:11:42 packer-plugin-proxmox_v1.2.3_x5.0_darwin_arm64 plugin: github.com/hashicorp/packer-plugin-proxmox/builder/proxmox/common.(*Builder).Run(0x14000701008, {0x101158a38, 0x1400057efa0}, {0x10115e8e0, 0x1400078cb00}, {0x10114b8c0, 0x1400077f5c0}, {0x101158760, 0x1400077f5f0})
2025/11/08 14:11:42 packer-plugin-proxmox_v1.2.3_x5.0_darwin_arm64 plugin: 	github.com/hashicorp/packer-plugin-proxmox/builder/proxmox/common/builder.go:111 +0xb9c
2025/11/08 14:11:42 packer-plugin-proxmox_v1.2.3_x5.0_darwin_arm64 plugin: github.com/hashicorp/packer-plugin-proxmox/builder/proxmox/iso.(*Builder).Run(0x140004fad08, {0x101158a38, 0x1400057efa0}, {0x10115e8e0, 0x1400078cb00}, {0x10114b8c0, 0x1400077f5c0})
2025/11/08 14:11:42 packer-plugin-proxmox_v1.2.3_x5.0_darwin_arm64 plugin: 	github.com/hashicorp/packer-plugin-proxmox/builder/proxmox/iso/builder.go:47 +0x2ac
2025/11/08 14:11:42 packer-plugin-proxmox_v1.2.3_x5.0_darwin_arm64 plugin: github.com/hashicorp/packer-plugin-sdk/rpc.(*BuilderServer).Run(0x14000528050, 0x1c0808?, 0x14000524060)
2025/11/08 14:11:42 packer-plugin-proxmox_v1.2.3_x5.0_darwin_arm64 plugin: 	github.com/hashicorp/packer-plugin-sdk@v0.6.1/rpc/builder.go:120 +0x1a4
2025/11/08 14:11:42 packer-plugin-proxmox_v1.2.3_x5.0_darwin_arm64 plugin: reflect.Value.call({0x140005ce240?, 0x1400007e680?, 0x13?}, {0x100be7ad7, 0x4}, {0x14000814ef8, 0x3, 0x3?})
2025/11/08 14:11:42 packer-plugin-proxmox_v1.2.3_x5.0_darwin_arm64 plugin: 	reflect/value.go:584 +0x97c
2025/11/08 14:11:42 packer-plugin-proxmox_v1.2.3_x5.0_darwin_arm64 plugin: reflect.Value.Call({0x140005ce240?, 0x1400007e680?, 0x0?}, {0x1400050def8?, 0x0?, 0x0?})
2025/11/08 14:11:42 packer-plugin-proxmox_v1.2.3_x5.0_darwin_arm64 plugin: 	reflect/value.go:368 +0x94
2025/11/08 14:11:42 packer-plugin-proxmox_v1.2.3_x5.0_darwin_arm64 plugin: net/rpc.(*service).call(0x140001e8380, 0x140001e8340, 0x14000524110, 0x14000524120, 0x140005a2580, 0x140004c0260, {0x100f2bfc0?, 0x1400052404c?, 0x0?}, {0x100efa980?, ...}, ...)
2025/11/08 14:11:42 packer-plugin-proxmox_v1.2.3_x5.0_darwin_arm64 plugin: 	net/rpc/server.go:381 +0x200
2025/11/08 14:11:42 packer-plugin-proxmox_v1.2.3_x5.0_darwin_arm64 plugin: created by net/rpc.(*Server).ServeCodec in goroutine 1
2025/11/08 14:11:42 packer-plugin-proxmox_v1.2.3_x5.0_darwin_arm64 plugin: 	net/rpc/server.go:478 +0x2c4
2025/11/08 14:11:42 [INFO] (telemetry) ending proxmox-iso.ubuntu-server-noble-numbat
2025/11/08 14:11:42 ui error: [1;31mBuild 'ubuntu-server-noble-numbat.proxmox-iso.ubuntu-server-noble-numbat' errored after 3 milliseconds 659 microseconds: unexpected EOF[0m
2025/11/08 14:11:42 /Users/bbrietzke/.config/packer/plugins/github.com/hashicorp/proxmox/packer-plugin-proxmox_v1.2.3_x5.0_darwin_arm64: plugin process exited
2025/11/08 14:11:42 ui: 
==> Wait completed after 3 milliseconds 681 microseconds
2025/11/08 14:11:42 machine readable: error-count []string{"1"}
2025/11/08 14:11:42 ui error: 
==> Some builds didn't complete successfully and had errors:
2025/11/08 14:11:42 machine readable: ubuntu-server-noble-numbat.proxmox-iso.ubuntu-server-noble-numbat,error []string{"unexpected EOF"}
2025/11/08 14:11:42 ui error: --> ubuntu-server-noble-numbat.proxmox-iso.ubuntu-server-noble-numbat: unexpected EOF
2025/11/08 14:11:42 ui: 
==> Builds finished but no artifacts were created.
2025/11/08 14:11:42 [INFO] (telemetry) Finalizing.
2025/11/08 14:11:42 waiting for all plugin processes to complete...
2025/11/08 14:11:42 /opt/homebrew/bin/packer: plugin process exited
2025/11/08 14:11:42 /opt/homebrew/bin/packer: plugin process exited
2025/11/08 14:11:42 /opt/homebrew/bin/packer: plugin process exited
